<?xml version="1.0" encoding="UTF-8"?>
<testng-results skipped="0" failed="1" ignored="0" total="3" passed="2">
  <reporter-output>
  </reporter-output>
  <suite name="TestNG training" duration-ms="17954" started-at="2018-12-15T09:53:24Z" finished-at="2018-12-15T09:53:42Z">
    <groups>
    </groups>
    <test name="Test testNG" duration-ms="17954" started-at="2018-12-15T09:53:24Z" finished-at="2018-12-15T09:53:42Z">
      <class name="com.testNgPackage.GoogleTest">
        <test-method status="PASS" signature="setup()[pri:0, instance:com.testNgPackage.GoogleTest@457e2f02]" name="setup" is-config="true" duration-ms="16" started-at="2018-12-15T09:53:24Z" finished-at="2018-12-15T09:53:24Z">
          <reporter-output>
          </reporter-output>
        </test-method> <!-- setup -->
        <test-method status="PASS" signature="start()[pri:0, instance:com.testNgPackage.GoogleTest@457e2f02]" name="start" is-config="true" duration-ms="5631" started-at="2018-12-15T09:53:24Z" finished-at="2018-12-15T09:53:29Z">
          <reporter-output>
          </reporter-output>
        </test-method> <!-- start -->
        <test-method status="FAIL" signature="googleTitleTest()[pri:1, instance:com.testNgPackage.GoogleTest@457e2f02]" name="googleTitleTest" duration-ms="28" started-at="2018-12-15T09:53:29Z" finished-at="2018-12-15T09:53:29Z">
          <exception class="java.lang.AssertionError">
            <message>
              <![CDATA[Title Not Matched expected [Google1] but found [Google]]]>
            </message>
            <full-stacktrace>
              <![CDATA[java.lang.AssertionError: Title Not Matched expected [Google1] but found [Google]
at org.testng.Assert.fail(Assert.java:96)
at org.testng.Assert.failNotEquals(Assert.java:776)
at org.testng.Assert.assertEqualsImpl(Assert.java:137)
at org.testng.Assert.assertEquals(Assert.java:118)
at org.testng.Assert.assertEquals(Assert.java:453)
at com.testNgPackage.GoogleTest.googleTitleTest(GoogleTest.java:35)
at sun.reflect.NativeMethodAccessorImpl.invoke0(Native Method)
at sun.reflect.NativeMethodAccessorImpl.invoke(Unknown Source)
at sun.reflect.DelegatingMethodAccessorImpl.invoke(Unknown Source)
at java.lang.reflect.Method.invoke(Unknown Source)
at org.testng.internal.MethodInvocationHelper.invokeMethod(MethodInvocationHelper.java:124)
at org.testng.internal.Invoker.invokeMethod(Invoker.java:580)
at org.testng.internal.Invoker.invokeTestMethod(Invoker.java:716)
at org.testng.internal.Invoker.invokeTestMethods(Invoker.java:988)
at org.testng.internal.TestMethodWorker.invokeTestMethods(TestMethodWorker.java:125)
at org.testng.internal.TestMethodWorker.run(TestMethodWorker.java:109)
at org.testng.TestRunner.privateRun(TestRunner.java:648)
at org.testng.TestRunner.run(TestRunner.java:505)
at org.testng.SuiteRunner.runTest(SuiteRunner.java:455)
at org.testng.SuiteRunner.runSequentially(SuiteRunner.java:450)
at org.testng.SuiteRunner.privateRun(SuiteRunner.java:415)
at org.testng.SuiteRunner.run(SuiteRunner.java:364)
at org.testng.SuiteRunnerWorker.runSuite(SuiteRunnerWorker.java:52)
at org.testng.SuiteRunnerWorker.run(SuiteRunnerWorker.java:84)
at org.testng.TestNG.runSuitesSequentially(TestNG.java:1208)
at org.testng.TestNG.runSuitesLocally(TestNG.java:1137)
at org.testng.TestNG.runSuites(TestNG.java:1049)
at org.testng.TestNG.run(TestNG.java:1017)
at org.testng.remote.AbstractRemoteTestNG.run(AbstractRemoteTestNG.java:114)
at org.testng.remote.RemoteTestNG.initAndRun(RemoteTestNG.java:251)
at org.testng.remote.RemoteTestNG.main(RemoteTestNG.java:77)
]]>
            </full-stacktrace>
          </exception> <!-- java.lang.AssertionError -->
          <reporter-output>
          </reporter-output>
        </test-method> <!-- googleTitleTest -->
        <test-method status="PASS" signature="tearDown()[pri:0, instance:com.testNgPackage.GoogleTest@457e2f02]" name="tearDown" is-config="true" duration-ms="775" started-at="2018-12-15T09:53:29Z" finished-at="2018-12-15T09:53:30Z">
          <reporter-output>
          </reporter-output>
        </test-method> <!-- tearDown -->
        <test-method status="PASS" signature="start()[pri:0, instance:com.testNgPackage.GoogleTest@457e2f02]" name="start" is-config="true" duration-ms="4787" started-at="2018-12-15T09:53:30Z" finished-at="2018-12-15T09:53:35Z">
          <reporter-output>
          </reporter-output>
        </test-method> <!-- start -->
        <test-method status="PASS" signature="googleLogoTest()[pri:2, instance:com.testNgPackage.GoogleTest@457e2f02]" name="googleLogoTest" duration-ms="79" started-at="2018-12-15T09:53:35Z" finished-at="2018-12-15T09:53:35Z">
          <reporter-output>
          </reporter-output>
        </test-method> <!-- googleLogoTest -->
        <test-method status="PASS" signature="tearDown()[pri:0, instance:com.testNgPackage.GoogleTest@457e2f02]" name="tearDown" is-config="true" duration-ms="766" started-at="2018-12-15T09:53:35Z" finished-at="2018-12-15T09:53:36Z">
          <reporter-output>
          </reporter-output>
        </test-method> <!-- tearDown -->
        <test-method status="PASS" signature="start()[pri:0, instance:com.testNgPackage.GoogleTest@457e2f02]" name="start" is-config="true" duration-ms="4954" started-at="2018-12-15T09:53:36Z" finished-at="2018-12-15T09:53:41Z">
          <reporter-output>
          </reporter-output>
        </test-method> <!-- start -->
        <test-method status="PASS" signature="googleMailLink()[pri:3, instance:com.testNgPackage.GoogleTest@457e2f02]" name="googleMailLink" duration-ms="98" started-at="2018-12-15T09:53:41Z" finished-at="2018-12-15T09:53:41Z">
          <reporter-output>
          </reporter-output>
        </test-method> <!-- googleMailLink -->
        <test-method status="PASS" signature="tearDown()[pri:0, instance:com.testNgPackage.GoogleTest@457e2f02]" name="tearDown" is-config="true" duration-ms="803" started-at="2018-12-15T09:53:41Z" finished-at="2018-12-15T09:53:42Z">
          <reporter-output>
          </reporter-output>
        </test-method> <!-- tearDown -->
      </class> <!-- com.testNgPackage.GoogleTest -->
    </test> <!-- Test testNG -->
  </suite> <!-- TestNG training -->
</testng-results>
